{"level":"info","time":"2022-10-29T12:09:06.829+0800","caller":"/Users/wuyuxian/SMZT-backend/log/log.go:71","msg":"The router has been deployed on :8080 successfully."}
{"level":"info","time":"2022-10-29T12:13:18.288+0800","caller":"/Users/wuyuxian/SMZT-backend/log/log.go:71","msg":"The router has been deployed on :8080 successfully."}
{"level":"info","time":"2022-10-29T21:25:34.469+0800","caller":"/Users/wuyuxian/SMZT-backend/log/log.go:71","msg":"The router has been deployed on :8080 successfully."}
{"level":"info","time":"2022-10-29T21:26:46.713+0800","caller":"/Users/wuyuxian/SMZT-backend/log/log.go:71","msg":"The router has been deployed on :8080 successfully."}
{"level":"error","time":"2022-10-29T21:27:19.414+0800","caller":"/Users/wuyuxian/SMZT-backend/log/log.go:86","msg":"The incorrect API route","X-Request-Id":"101a4da7-47b4-49b3-9751-6f744d4b7b7c","cause":"","source":""}
{"level":"info","time":"2022-10-29T21:27:19.415+0800","caller":"/Users/wuyuxian/SMZT-backend/log/log.go:71","msg":"875µs         | ::1          | POST /api/v1/jotting | {code: 404, message: The incorrect API route: }"}
{"level":"error","time":"2022-10-29T21:30:34.863+0800","caller":"/Users/wuyuxian/SMZT-backend/log/log.go:86","msg":"The incorrect API route","X-Request-Id":"60ab4583-8983-45ae-8f7e-07fbe168420d","cause":"","source":""}
{"level":"info","time":"2022-10-29T21:30:34.869+0800","caller":"/Users/wuyuxian/SMZT-backend/log/log.go:71","msg":"7.945ms       | ::1          | GET /api/v1/jotting | {code: 404, message: The incorrect API route: }"}
{"level":"info","time":"2022-10-29T21:32:18.662+0800","caller":"/Users/wuyuxian/SMZT-backend/log/log.go:71","msg":"Idea getIdeaList function called.","X-Request-Id":"ba4c32cd-00d7-4cb9-b72e-1a222e6f5311"}
{"level":"info","time":"2022-10-29T21:32:34.124+0800","caller":"/Users/wuyuxian/SMZT-backend/log/log.go:71","msg":"Idea getIdeaList function called.","X-Request-Id":"5dba6896-0ab8-46b9-bf35-f080696ae9ff"}
{"level":"info","time":"2022-10-29T21:32:34.193+0800","caller":"/Users/wuyuxian/SMZT-backend/log/log.go:71","msg":"OK","X-Request-Id":"5dba6896-0ab8-46b9-bf35-f080696ae9ff"}
{"level":"info","time":"2022-10-29T21:32:34.194+0800","caller":"/Users/wuyuxian/SMZT-backend/log/log.go:71","msg":"69.916ms      | ::1          | POST /jotting | {code: 0, message: OK}"}
{"level":"info","time":"2022-10-29T21:32:57.948+0800","caller":"/Users/wuyuxian/SMZT-backend/log/log.go:71","msg":"Idea getIdeaList function called.","X-Request-Id":"01ceff0f-3e3d-4d4b-b014-622831833bfa"}
{"level":"info","time":"2022-10-29T21:32:58.257+0800","caller":"/Users/wuyuxian/SMZT-backend/log/log.go:71","msg":"Idea getIdeaList function called.","X-Request-Id":"7ef3bd00-09a1-4f69-9448-261b062d80ab"}
{"level":"info","time":"2022-10-29T21:33:13.320+0800","caller":"/Users/wuyuxian/SMZT-backend/log/log.go:71","msg":"The router has been deployed on :8080 successfully."}
{"level":"info","time":"2022-10-29T21:33:18.285+0800","caller":"/Users/wuyuxian/SMZT-backend/log/log.go:71","msg":"Idea getIdeaList function called.","X-Request-Id":"b96c235d-b6ea-4c2e-9be8-b27bf60cb787"}
{"level":"info","time":"2022-10-29T21:33:18.291+0800","caller":"/Users/wuyuxian/SMZT-backend/log/log.go:71","msg":"OK","X-Request-Id":"b96c235d-b6ea-4c2e-9be8-b27bf60cb787"}
{"level":"info","time":"2022-10-29T21:33:18.291+0800","caller":"/Users/wuyuxian/SMZT-backend/log/log.go:71","msg":"6.759ms       | ::1          | GET /jotting | {code: 0, message: OK}"}
{"level":"info","time":"2022-10-29T21:40:07.659+0800","caller":"/Users/wuyuxian/SMZT-backend/log/log.go:71","msg":"The router has been deployed on :8080 successfully."}
{"level":"info","time":"2022-10-29T21:40:58.866+0800","caller":"/Users/wuyuxian/SMZT-backend/log/log.go:71","msg":"Idea getIdeaList function called.","X-Request-Id":"a09a554d-0702-4983-a440-f2f31a471699"}
{"level":"info","time":"2022-10-29T21:41:23.610+0800","caller":"/Users/wuyuxian/SMZT-backend/log/log.go:71","msg":"The router has been deployed on :8080 successfully."}
{"level":"info","time":"2022-10-29T21:41:28.645+0800","caller":"/Users/wuyuxian/SMZT-backend/log/log.go:71","msg":"Idea getIdeaList function called.","X-Request-Id":"0a887720-ef07-47e6-97fc-d015151bb20e"}
{"level":"error","time":"2022-10-29T21:41:28.649+0800","caller":"/Users/wuyuxian/SMZT-backend/log/log.go:86","msg":"Database error","X-Request-Id":"0a887720-ef07-47e6-97fc-d015151bb20e","cause":"{\"id\":\"\",\"code\":10002,\"detail\":\"Error 1406: Data too long for column 'content' at row 1\",\"status\":\"Database error\"}","source":"/Users/wuyuxian/SMZT-backend/handler/jottings/PostJotting.go:36"}
{"level":"info","time":"2022-10-29T21:41:28.650+0800","caller":"/Users/wuyuxian/SMZT-backend/log/log.go:71","msg":"5.186ms       | ::1          | POST /jotting | {code: 10002, message: Database error: {\"id\":\"\",\"code\":10002,\"detail\":\"Error 1406: Data too long for column 'content' at row 1\",\"status\":\"Database error\"}}"}
{"level":"info","time":"2022-10-29T21:41:42.935+0800","caller":"/Users/wuyuxian/SMZT-backend/log/log.go:71","msg":"Idea getIdeaList function called.","X-Request-Id":"3a0a192b-fad4-45ef-b5c2-1ad8102b0fd9"}
{"level":"info","time":"2022-10-29T21:41:42.948+0800","caller":"/Users/wuyuxian/SMZT-backend/log/log.go:71","msg":"OK","X-Request-Id":"3a0a192b-fad4-45ef-b5c2-1ad8102b0fd9"}
{"level":"info","time":"2022-10-29T21:41:42.948+0800","caller":"/Users/wuyuxian/SMZT-backend/log/log.go:71","msg":"13.615ms      | ::1          | POST /jotting | {code: 0, message: OK}"}
{"level":"info","time":"2022-10-29T21:42:55.525+0800","caller":"/Users/wuyuxian/SMZT-backend/log/log.go:71","msg":"Idea getIdeaList function called.","X-Request-Id":"a4ccad99-eb33-4897-b9a5-50f3a1202bc0"}
{"level":"info","time":"2022-10-29T21:43:10.324+0800","caller":"/Users/wuyuxian/SMZT-backend/log/log.go:71","msg":"The router has been deployed on :8080 successfully."}
{"level":"info","time":"2022-10-29T21:43:14.976+0800","caller":"/Users/wuyuxian/SMZT-backend/log/log.go:71","msg":"Idea getIdeaList function called.","X-Request-Id":"34b47e7c-933f-409b-bab2-bed1944faa88"}
{"level":"info","time":"2022-10-29T21:43:14.980+0800","caller":"/Users/wuyuxian/SMZT-backend/log/log.go:71","msg":"OK","X-Request-Id":"34b47e7c-933f-409b-bab2-bed1944faa88"}
{"level":"info","time":"2022-10-29T21:43:14.980+0800","caller":"/Users/wuyuxian/SMZT-backend/log/log.go:71","msg":"4.853ms       | ::1          | GET /jotting | {code: 0, message: OK}"}
{"level":"error","time":"2022-10-29T23:26:07.254+0800","caller":"C:/Users/郝锦杰/SMZT-backend/log/log.go:86","msg":"Open database failed","reason":"Error 1045: Access denied for user ''@'localhost' (using password: NO)","detail":"Database connection failed. Database name: "}
{"level":"info","time":"2022-10-29T23:31:31.399+0800","caller":"C:/Users/郝锦杰/SMZT-backend/log/log.go:71","msg":"The router has been deployed on :8080 successfully."}
{"level":"info","time":"2022-10-30T00:16:21.683+0800","caller":"C:/Users/郝锦杰/SMZT-backend/log/log.go:71","msg":"The router has been deployed on :8080 successfully."}
{"level":"error","time":"2022-10-30T00:19:42.877+0800","caller":"C:/Users/郝锦杰/SMZT-backend/log/log.go:86","msg":"The incorrect API route","X-Request-Id":"2966ff3b-2b5f-4ae9-b337-8d3df683c24c","cause":"","source":""}
{"level":"info","time":"2022-10-30T00:19:42.877+0800","caller":"C:/Users/郝锦杰/SMZT-backend/log/log.go:71","msg":"512.5µs       | ::1          | GET /api/v1/user/login | {code: 404, message: The incorrect API route: }"}
{"level":"info","time":"2022-10-30T00:20:39.621+0800","caller":"C:/Users/郝锦杰/SMZT-backend/log/log.go:71","msg":"student login function called.","X-Request-Id":"0a453e7c-c6da-4dde-b939-6be56f4d742f"}
{"level":"error","time":"2022-10-30T00:20:39.639+0800","caller":"C:/Users/郝锦杰/SMZT-backend/log/log.go:86","msg":"Request error","X-Request-Id":"0a453e7c-c6da-4dde-b939-6be56f4d742f","cause":"User not existed","source":"C:/Users/郝锦杰/SMZT-backend/handler/user/login.go:35"}
{"level":"info","time":"2022-10-30T00:20:39.639+0800","caller":"C:/Users/郝锦杰/SMZT-backend/log/log.go:71","msg":"18.6402ms     | ::1          | POST /api/v1/user/login | {code: 20001, message: Request error: User not existed}"}
{"level":"info","time":"2022-10-30T00:21:45.742+0800","caller":"C:/Users/郝锦杰/SMZT-backend/log/log.go:71","msg":"student login function called.","X-Request-Id":"68ce1489-cff1-459f-a58c-46c55f0f52b0"}
{"level":"error","time":"2022-10-30T00:21:45.746+0800","caller":"C:/Users/郝锦杰/SMZT-backend/log/log.go:86","msg":"Request error","X-Request-Id":"68ce1489-cff1-459f-a58c-46c55f0f52b0","cause":"User not existed","source":"C:/Users/郝锦杰/SMZT-backend/handler/user/login.go:35"}
{"level":"info","time":"2022-10-30T00:21:45.746+0800","caller":"C:/Users/郝锦杰/SMZT-backend/log/log.go:71","msg":"3.9363ms      | ::1          | POST /api/v1/user/login | {code: 20001, message: Request error: User not existed}"}
{"level":"info","time":"2022-10-30T00:21:46.888+0800","caller":"C:/Users/郝锦杰/SMZT-backend/log/log.go:71","msg":"student login function called.","X-Request-Id":"a1d2ae25-924f-40c3-9922-409607318356"}
{"level":"error","time":"2022-10-30T00:21:46.892+0800","caller":"C:/Users/郝锦杰/SMZT-backend/log/log.go:86","msg":"Request error","X-Request-Id":"a1d2ae25-924f-40c3-9922-409607318356","cause":"User not existed","source":"C:/Users/郝锦杰/SMZT-backend/handler/user/login.go:35"}
{"level":"info","time":"2022-10-30T00:21:46.892+0800","caller":"C:/Users/郝锦杰/SMZT-backend/log/log.go:71","msg":"4.0992ms      | ::1          | POST /api/v1/user/login | {code: 20001, message: Request error: User not existed}"}
{"level":"info","time":"2022-10-30T00:21:47.568+0800","caller":"C:/Users/郝锦杰/SMZT-backend/log/log.go:71","msg":"student login function called.","X-Request-Id":"8eb6573a-3665-4d07-99c0-fbaab311abe5"}
{"level":"error","time":"2022-10-30T00:21:47.572+0800","caller":"C:/Users/郝锦杰/SMZT-backend/log/log.go:86","msg":"Request error","X-Request-Id":"8eb6573a-3665-4d07-99c0-fbaab311abe5","cause":"User not existed","source":"C:/Users/郝锦杰/SMZT-backend/handler/user/login.go:35"}
{"level":"info","time":"2022-10-30T00:21:47.572+0800","caller":"C:/Users/郝锦杰/SMZT-backend/log/log.go:71","msg":"4.0282ms      | ::1          | POST /api/v1/user/login | {code: 20001, message: Request error: User not existed}"}
{"level":"info","time":"2022-10-30T00:21:48.206+0800","caller":"C:/Users/郝锦杰/SMZT-backend/log/log.go:71","msg":"student login function called.","X-Request-Id":"ad4c8620-b33f-42d0-9510-6a07c6e217b6"}
{"level":"error","time":"2022-10-30T00:21:48.210+0800","caller":"C:/Users/郝锦杰/SMZT-backend/log/log.go:86","msg":"Request error","X-Request-Id":"ad4c8620-b33f-42d0-9510-6a07c6e217b6","cause":"User not existed","source":"C:/Users/郝锦杰/SMZT-backend/handler/user/login.go:35"}
{"level":"info","time":"2022-10-30T00:21:48.210+0800","caller":"C:/Users/郝锦杰/SMZT-backend/log/log.go:71","msg":"3.7544ms      | ::1          | POST /api/v1/user/login | {code: 20001, message: Request error: User not existed}"}
{"level":"info","time":"2022-10-30T00:21:48.893+0800","caller":"C:/Users/郝锦杰/SMZT-backend/log/log.go:71","msg":"student login function called.","X-Request-Id":"c5852eb6-053c-45e7-92a0-336d53d4a6cc"}
{"level":"error","time":"2022-10-30T00:21:48.905+0800","caller":"C:/Users/郝锦杰/SMZT-backend/log/log.go:86","msg":"Request error","X-Request-Id":"c5852eb6-053c-45e7-92a0-336d53d4a6cc","cause":"User not existed","source":"C:/Users/郝锦杰/SMZT-backend/handler/user/login.go:35"}
{"level":"info","time":"2022-10-30T00:21:48.905+0800","caller":"C:/Users/郝锦杰/SMZT-backend/log/log.go:71","msg":"12.0302ms     | ::1          | POST /api/v1/user/login | {code: 20001, message: Request error: User not existed}"}
{"level":"info","time":"2022-10-30T00:21:49.633+0800","caller":"C:/Users/郝锦杰/SMZT-backend/log/log.go:71","msg":"student login function called.","X-Request-Id":"bb8c0195-0d54-45bf-802f-919e9b626471"}
{"level":"error","time":"2022-10-30T00:21:49.638+0800","caller":"C:/Users/郝锦杰/SMZT-backend/log/log.go:86","msg":"Request error","X-Request-Id":"bb8c0195-0d54-45bf-802f-919e9b626471","cause":"User not existed","source":"C:/Users/郝锦杰/SMZT-backend/handler/user/login.go:35"}
{"level":"info","time":"2022-10-30T00:21:49.638+0800","caller":"C:/Users/郝锦杰/SMZT-backend/log/log.go:71","msg":"5.324ms       | ::1          | POST /api/v1/user/login | {code: 20001, message: Request error: User not existed}"}
{"level":"info","time":"2022-10-30T00:22:27.167+0800","caller":"C:/Users/郝锦杰/SMZT-backend/log/log.go:71","msg":"The router has been deployed on :8080 successfully."}
{"level":"info","time":"2022-10-30T00:22:33.516+0800","caller":"C:/Users/郝锦杰/SMZT-backend/log/log.go:71","msg":"student login function called.","X-Request-Id":"f80b837b-37b8-4bf4-afa3-e5b6dda20aaa"}
{"level":"error","time":"2022-10-30T00:22:33.843+0800","caller":"C:/Users/郝锦杰/SMZT-backend/log/log.go:86","msg":"Request error","X-Request-Id":"f80b837b-37b8-4bf4-afa3-e5b6dda20aaa","cause":"User not existed","source":"C:/Users/郝锦杰/SMZT-backend/handler/user/login.go:35"}
{"level":"info","time":"2022-10-30T00:22:33.844+0800","caller":"C:/Users/郝锦杰/SMZT-backend/log/log.go:71","msg":"327.2386ms    | ::1          | POST /api/v1/user/login | {code: 20001, message: Request error: User not existed}"}
{"level":"info","time":"2022-10-30T00:22:36.473+0800","caller":"C:/Users/郝锦杰/SMZT-backend/log/log.go:71","msg":"student login function called.","X-Request-Id":"1e80e9b9-48e0-49ce-9fbf-74276766eb90"}
{"level":"error","time":"2022-10-30T00:22:36.492+0800","caller":"C:/Users/郝锦杰/SMZT-backend/log/log.go:86","msg":"Request error","X-Request-Id":"1e80e9b9-48e0-49ce-9fbf-74276766eb90","cause":"User not existed","source":"C:/Users/郝锦杰/SMZT-backend/handler/user/login.go:35"}
{"level":"info","time":"2022-10-30T00:22:36.492+0800","caller":"C:/Users/郝锦杰/SMZT-backend/log/log.go:71","msg":"19.7631ms     | ::1          | POST /api/v1/user/login | {code: 20001, message: Request error: User not existed}"}
{"level":"info","time":"2022-10-30T00:23:31.572+0800","caller":"C:/Users/郝锦杰/SMZT-backend/log/log.go:71","msg":"student login function called.","X-Request-Id":"a728f07e-930f-4222-a1df-806387ba08d8"}
{"level":"error","time":"2022-10-30T00:23:31.591+0800","caller":"C:/Users/郝锦杰/SMZT-backend/log/log.go:86","msg":"Request error","X-Request-Id":"a728f07e-930f-4222-a1df-806387ba08d8","cause":"User not existed","source":"C:/Users/郝锦杰/SMZT-backend/handler/user/login.go:35"}
{"level":"info","time":"2022-10-30T00:23:31.592+0800","caller":"C:/Users/郝锦杰/SMZT-backend/log/log.go:71","msg":"19.3683ms     | ::1          | POST /api/v1/user/login | {code: 20001, message: Request error: User not existed}"}
{"level":"info","time":"2022-10-30T00:23:33.332+0800","caller":"C:/Users/郝锦杰/SMZT-backend/log/log.go:71","msg":"student login function called.","X-Request-Id":"52d7274c-e16f-42ca-8c5c-22e1a033acbc"}
{"level":"error","time":"2022-10-30T00:23:33.353+0800","caller":"C:/Users/郝锦杰/SMZT-backend/log/log.go:86","msg":"Request error","X-Request-Id":"52d7274c-e16f-42ca-8c5c-22e1a033acbc","cause":"User not existed","source":"C:/Users/郝锦杰/SMZT-backend/handler/user/login.go:35"}
{"level":"info","time":"2022-10-30T00:23:33.354+0800","caller":"C:/Users/郝锦杰/SMZT-backend/log/log.go:71","msg":"21.108ms      | ::1          | POST /api/v1/user/login | {code: 20001, message: Request error: User not existed}"}
{"level":"info","time":"2022-10-30T00:24:52.701+0800","caller":"C:/Users/郝锦杰/SMZT-backend/log/log.go:71","msg":"student login function called.","X-Request-Id":"1a386f71-1c50-4998-95d9-274e0ac567b8"}
{"level":"error","time":"2022-10-30T00:24:52.701+0800","caller":"C:/Users/郝锦杰/SMZT-backend/log/log.go:86","msg":"Error occurred while binding the request body to the struct.","X-Request-Id":"1a386f71-1c50-4998-95d9-274e0ac567b8","cause":"Key: 'loginRequest.Password' Error:Field validation for 'Password' failed on the 'required' tag","source":"C:/Users/郝锦杰/SMZT-backend/handler/user/login.go:29"}
{"level":"info","time":"2022-10-30T00:24:52.702+0800","caller":"C:/Users/郝锦杰/SMZT-backend/log/log.go:71","msg":"441.9µs       | ::1          | POST /api/v1/user/login | {code: 20002, message: Error occurred while binding the request body to the struct.: Key: 'loginRequest.Password' Error:Field validation for 'Password' failed on the 'required' tag}"}
{"level":"info","time":"2022-10-30T00:25:40.156+0800","caller":"C:/Users/郝锦杰/SMZT-backend/log/log.go:71","msg":"student login function called.","X-Request-Id":"650f1d14-091a-4441-9a36-0f8abb009dff"}
{"level":"error","time":"2022-10-30T00:25:40.191+0800","caller":"C:/Users/郝锦杰/SMZT-backend/log/log.go:86","msg":"Request error","X-Request-Id":"650f1d14-091a-4441-9a36-0f8abb009dff","cause":"User not existed","source":"C:/Users/郝锦杰/SMZT-backend/handler/user/login.go:35"}
{"level":"info","time":"2022-10-30T00:25:40.191+0800","caller":"C:/Users/郝锦杰/SMZT-backend/log/log.go:71","msg":"35.4746ms     | ::1          | POST /api/v1/user/login | {code: 20001, message: Request error: User not existed}"}
{"level":"info","time":"2022-10-30T00:26:09.249+0800","caller":"C:/Users/郝锦杰/SMZT-backend/log/log.go:71","msg":"student login function called.","X-Request-Id":"ae5d5980-3b1f-4396-ac9a-f90257eec370"}
{"level":"error","time":"2022-10-30T00:26:09.273+0800","caller":"C:/Users/郝锦杰/SMZT-backend/log/log.go:86","msg":"Request error","X-Request-Id":"ae5d5980-3b1f-4396-ac9a-f90257eec370","cause":"User not existed","source":"C:/Users/郝锦杰/SMZT-backend/handler/user/login.go:35"}
{"level":"info","time":"2022-10-30T00:26:09.273+0800","caller":"C:/Users/郝锦杰/SMZT-backend/log/log.go:71","msg":"25.1621ms     | ::1          | POST /api/v1/user/login | {code: 20001, message: Request error: User not existed}"}
{"level":"info","time":"2022-10-30T00:26:10.176+0800","caller":"C:/Users/郝锦杰/SMZT-backend/log/log.go:71","msg":"student login function called.","X-Request-Id":"c66ac615-42a4-4864-9cde-ee210689ed7d"}
{"level":"error","time":"2022-10-30T00:26:10.196+0800","caller":"C:/Users/郝锦杰/SMZT-backend/log/log.go:86","msg":"Request error","X-Request-Id":"c66ac615-42a4-4864-9cde-ee210689ed7d","cause":"User not existed","source":"C:/Users/郝锦杰/SMZT-backend/handler/user/login.go:35"}
{"level":"info","time":"2022-10-30T00:26:10.196+0800","caller":"C:/Users/郝锦杰/SMZT-backend/log/log.go:71","msg":"19.1808ms     | ::1          | POST /api/v1/user/login | {code: 20001, message: Request error: User not existed}"}
{"level":"info","time":"2022-10-30T00:26:10.778+0800","caller":"C:/Users/郝锦杰/SMZT-backend/log/log.go:71","msg":"student login function called.","X-Request-Id":"44ff21b3-7093-40f2-9b09-b0e10f70b422"}
{"level":"error","time":"2022-10-30T00:26:10.795+0800","caller":"C:/Users/郝锦杰/SMZT-backend/log/log.go:86","msg":"Request error","X-Request-Id":"44ff21b3-7093-40f2-9b09-b0e10f70b422","cause":"User not existed","source":"C:/Users/郝锦杰/SMZT-backend/handler/user/login.go:35"}
{"level":"info","time":"2022-10-30T00:26:10.796+0800","caller":"C:/Users/郝锦杰/SMZT-backend/log/log.go:71","msg":"17.5073ms     | ::1          | POST /api/v1/user/login | {code: 20001, message: Request error: User not existed}"}
{"level":"info","time":"2022-10-30T00:26:11.288+0800","caller":"C:/Users/郝锦杰/SMZT-backend/log/log.go:71","msg":"student login function called.","X-Request-Id":"db27bf64-3479-4577-97de-82fe4c77a428"}
{"level":"error","time":"2022-10-30T00:26:11.306+0800","caller":"C:/Users/郝锦杰/SMZT-backend/log/log.go:86","msg":"Request error","X-Request-Id":"db27bf64-3479-4577-97de-82fe4c77a428","cause":"User not existed","source":"C:/Users/郝锦杰/SMZT-backend/handler/user/login.go:35"}
{"level":"info","time":"2022-10-30T00:26:11.306+0800","caller":"C:/Users/郝锦杰/SMZT-backend/log/log.go:71","msg":"18.4971ms     | ::1          | POST /api/v1/user/login | {code: 20001, message: Request error: User not existed}"}
{"level":"info","time":"2022-10-30T00:26:11.649+0800","caller":"C:/Users/郝锦杰/SMZT-backend/log/log.go:71","msg":"student login function called.","X-Request-Id":"f297a512-b3e3-48b7-b9ed-b2ef88eccfd9"}
{"level":"error","time":"2022-10-30T00:26:11.669+0800","caller":"C:/Users/郝锦杰/SMZT-backend/log/log.go:86","msg":"Request error","X-Request-Id":"f297a512-b3e3-48b7-b9ed-b2ef88eccfd9","cause":"User not existed","source":"C:/Users/郝锦杰/SMZT-backend/handler/user/login.go:35"}
{"level":"info","time":"2022-10-30T00:26:11.669+0800","caller":"C:/Users/郝锦杰/SMZT-backend/log/log.go:71","msg":"20.2941ms     | ::1          | POST /api/v1/user/login | {code: 20001, message: Request error: User not existed}"}
{"level":"info","time":"2022-10-30T00:26:12.003+0800","caller":"C:/Users/郝锦杰/SMZT-backend/log/log.go:71","msg":"student login function called.","X-Request-Id":"209ec575-72ed-4189-b48b-c16e6564eb79"}
{"level":"error","time":"2022-10-30T00:26:12.021+0800","caller":"C:/Users/郝锦杰/SMZT-backend/log/log.go:86","msg":"Request error","X-Request-Id":"209ec575-72ed-4189-b48b-c16e6564eb79","cause":"User not existed","source":"C:/Users/郝锦杰/SMZT-backend/handler/user/login.go:35"}
{"level":"info","time":"2022-10-30T00:26:12.022+0800","caller":"C:/Users/郝锦杰/SMZT-backend/log/log.go:71","msg":"18.7074ms     | ::1          | POST /api/v1/user/login | {code: 20001, message: Request error: User not existed}"}
{"level":"info","time":"2022-10-30T00:26:12.582+0800","caller":"C:/Users/郝锦杰/SMZT-backend/log/log.go:71","msg":"student login function called.","X-Request-Id":"d346cab4-1366-476f-a7fd-dfed7668d3db"}
{"level":"error","time":"2022-10-30T00:26:12.598+0800","caller":"C:/Users/郝锦杰/SMZT-backend/log/log.go:86","msg":"Request error","X-Request-Id":"d346cab4-1366-476f-a7fd-dfed7668d3db","cause":"User not existed","source":"C:/Users/郝锦杰/SMZT-backend/handler/user/login.go:35"}
{"level":"info","time":"2022-10-30T00:26:12.599+0800","caller":"C:/Users/郝锦杰/SMZT-backend/log/log.go:71","msg":"17.0132ms     | ::1          | POST /api/v1/user/login | {code: 20001, message: Request error: User not existed}"}
{"level":"info","time":"2022-10-30T00:27:59.643+0800","caller":"C:/Users/郝锦杰/SMZT-backend/log/log.go:71","msg":"student login function called.","X-Request-Id":"af852299-abb2-4299-9b78-966daee8d8a4"}
{"level":"error","time":"2022-10-30T00:27:59.703+0800","caller":"C:/Users/郝锦杰/SMZT-backend/log/log.go:86","msg":"Request error","X-Request-Id":"af852299-abb2-4299-9b78-966daee8d8a4","cause":"User not existed","source":"C:/Users/郝锦杰/SMZT-backend/handler/user/login.go:35"}
{"level":"info","time":"2022-10-30T00:27:59.704+0800","caller":"C:/Users/郝锦杰/SMZT-backend/log/log.go:71","msg":"60.0449ms     | ::1          | POST /api/v1/user/login | {code: 20001, message: Request error: User not existed}"}
{"level":"info","time":"2022-10-30T00:28:06.909+0800","caller":"C:/Users/郝锦杰/SMZT-backend/log/log.go:71","msg":"student login function called.","X-Request-Id":"24be81f8-6552-4b8e-8c41-b2654038ed9e"}
{"level":"error","time":"2022-10-30T00:28:06.931+0800","caller":"C:/Users/郝锦杰/SMZT-backend/log/log.go:86","msg":"Request error","X-Request-Id":"24be81f8-6552-4b8e-8c41-b2654038ed9e","cause":"User not existed","source":"C:/Users/郝锦杰/SMZT-backend/handler/user/login.go:35"}
{"level":"info","time":"2022-10-30T00:28:06.932+0800","caller":"C:/Users/郝锦杰/SMZT-backend/log/log.go:71","msg":"22.024ms      | ::1          | POST /api/v1/user/login | {code: 20001, message: Request error: User not existed}"}
{"level":"info","time":"2022-10-30T00:35:56.936+0800","caller":"C:/Users/郝锦杰/SMZT-backend/log/log.go:71","msg":"The router has been deployed on :8080 successfully."}
{"level":"info","time":"2022-10-30T00:36:03.004+0800","caller":"C:/Users/郝锦杰/SMZT-backend/log/log.go:71","msg":"student login function called.","X-Request-Id":"de8ff8b7-9cb6-4aa2-87cc-873e7d45d485"}
{"level":"error","time":"2022-10-30T00:36:03.481+0800","caller":"C:/Users/郝锦杰/SMZT-backend/log/log.go:86","msg":"Request error","X-Request-Id":"de8ff8b7-9cb6-4aa2-87cc-873e7d45d485","cause":"The password was incorrect.","source":"C:/Users/郝锦杰/SMZT-backend/handler/user/login.go:35"}
{"level":"info","time":"2022-10-30T00:36:03.482+0800","caller":"C:/Users/郝锦杰/SMZT-backend/log/log.go:71","msg":"477.9756ms    | ::1          | POST /api/v1/user/login | {code: 20001, message: Request error: The password was incorrect.}"}
{"level":"info","time":"2022-10-30T00:40:12.304+0800","caller":"C:/Users/郝锦杰/SMZT-backend/log/log.go:71","msg":"The router has been deployed on :8080 successfully."}
{"level":"info","time":"2022-10-30T00:40:18.753+0800","caller":"C:/Users/郝锦杰/SMZT-backend/log/log.go:71","msg":"student login function called.","X-Request-Id":"1fcba5c9-4a92-40af-8554-00ac80ffb381"}
{"level":"error","time":"2022-10-30T00:40:19.213+0800","caller":"C:/Users/郝锦杰/SMZT-backend/log/log.go:86","msg":"Request error","X-Request-Id":"1fcba5c9-4a92-40af-8554-00ac80ffb381","cause":"The password was incorrect.","source":"C:/Users/郝锦杰/SMZT-backend/handler/user/login.go:35"}
{"level":"info","time":"2022-10-30T00:40:19.213+0800","caller":"C:/Users/郝锦杰/SMZT-backend/log/log.go:71","msg":"459.8722ms    | ::1          | POST /api/v1/user/login | {code: 20001, message: Request error: The password was incorrect.}"}
{"level":"info","time":"2022-10-30T00:41:05.129+0800","caller":"C:/Users/郝锦杰/SMZT-backend/log/log.go:71","msg":"The router has been deployed on :8080 successfully."}
{"level":"info","time":"2022-10-30T00:41:11.120+0800","caller":"C:/Users/郝锦杰/SMZT-backend/log/log.go:71","msg":"student login function called.","X-Request-Id":"f7e88c54-3762-43a6-b8b5-5d73ae83130b"}
{"level":"error","time":"2022-10-30T00:41:11.562+0800","caller":"C:/Users/郝锦杰/SMZT-backend/log/log.go:86","msg":"Request error","X-Request-Id":"f7e88c54-3762-43a6-b8b5-5d73ae83130b","cause":"The password was incorrect.","source":"C:/Users/郝锦杰/SMZT-backend/handler/user/login.go:35"}
{"level":"info","time":"2022-10-30T00:41:11.562+0800","caller":"C:/Users/郝锦杰/SMZT-backend/log/log.go:71","msg":"442.4512ms    | ::1          | POST /api/v1/user/login | {code: 20001, message: Request error: The password was incorrect.}"}
{"level":"info","time":"2022-10-30T00:47:19.527+0800","caller":"C:/Users/郝锦杰/SMZT-backend/log/log.go:71","msg":"The router has been deployed on :8080 successfully."}
{"level":"info","time":"2022-10-30T00:47:21.259+0800","caller":"C:/Users/郝锦杰/SMZT-backend/log/log.go:71","msg":"student login function called.","X-Request-Id":"53d43ada-9617-4e61-9a80-bfc056221a33"}
{"level":"error","time":"2022-10-30T00:47:21.764+0800","caller":"C:/Users/郝锦杰/SMZT-backend/log/log.go:86","msg":"Request error","X-Request-Id":"53d43ada-9617-4e61-9a80-bfc056221a33","cause":"The password was incorrect.","source":"C:/Users/郝锦杰/SMZT-backend/handler/user/login.go:35"}
{"level":"info","time":"2022-10-30T00:47:21.764+0800","caller":"C:/Users/郝锦杰/SMZT-backend/log/log.go:71","msg":"505.8177ms    | ::1          | POST /api/v1/user/login | {code: 20001, message: Request error: The password was incorrect.}"}
{"level":"info","time":"2022-10-30T00:47:27.046+0800","caller":"C:/Users/郝锦杰/SMZT-backend/log/log.go:71","msg":"student login function called.","X-Request-Id":"c2d02144-6c40-47d9-988b-e92a5f0971c5"}
{"level":"error","time":"2022-10-30T00:47:27.162+0800","caller":"C:/Users/郝锦杰/SMZT-backend/log/log.go:86","msg":"Request error","X-Request-Id":"c2d02144-6c40-47d9-988b-e92a5f0971c5","cause":"The password was incorrect.","source":"C:/Users/郝锦杰/SMZT-backend/handler/user/login.go:35"}
{"level":"info","time":"2022-10-30T00:47:27.162+0800","caller":"C:/Users/郝锦杰/SMZT-backend/log/log.go:71","msg":"116.2989ms    | ::1          | POST /api/v1/user/login | {code: 20001, message: Request error: The password was incorrect.}"}
{"level":"info","time":"2022-10-30T00:49:13.191+0800","caller":"C:/Users/郝锦杰/SMZT-backend/log/log.go:71","msg":"student login function called.","X-Request-Id":"669e0c0b-67e3-4ca6-85ad-651369d5a7fb"}
{"level":"error","time":"2022-10-30T00:49:13.377+0800","caller":"C:/Users/郝锦杰/SMZT-backend/log/log.go:86","msg":"Request error","X-Request-Id":"669e0c0b-67e3-4ca6-85ad-651369d5a7fb","cause":"The password was incorrect.","source":"C:/Users/郝锦杰/SMZT-backend/handler/user/login.go:35"}
{"level":"info","time":"2022-10-30T00:49:13.378+0800","caller":"C:/Users/郝锦杰/SMZT-backend/log/log.go:71","msg":"186.9227ms    | ::1          | POST /api/v1/user/login | {code: 20001, message: Request error: The password was incorrect.}"}
{"level":"info","time":"2022-10-30T00:49:55.402+0800","caller":"C:/Users/郝锦杰/SMZT-backend/log/log.go:71","msg":"The router has been deployed on :8080 successfully."}
{"level":"info","time":"2022-10-30T00:49:57.157+0800","caller":"C:/Users/郝锦杰/SMZT-backend/log/log.go:71","msg":"student login function called.","X-Request-Id":"0e423bdf-1ac2-46d1-8ddb-276a3ce402b0"}
{"level":"error","time":"2022-10-30T00:49:57.655+0800","caller":"C:/Users/郝锦杰/SMZT-backend/log/log.go:86","msg":"Request error","X-Request-Id":"0e423bdf-1ac2-46d1-8ddb-276a3ce402b0","cause":"The password was incorrect.","source":"C:/Users/郝锦杰/SMZT-backend/handler/user/login.go:35"}
{"level":"info","time":"2022-10-30T00:49:57.655+0800","caller":"C:/Users/郝锦杰/SMZT-backend/log/log.go:71","msg":"497.8884ms    | ::1          | POST /api/v1/user/login | {code: 20001, message: Request error: The password was incorrect.}"}
{"level":"info","time":"2022-10-30T00:50:02.356+0800","caller":"C:/Users/郝锦杰/SMZT-backend/log/log.go:71","msg":"student login function called.","X-Request-Id":"03028c0e-6005-49ec-b47a-322459b690c7"}
{"level":"error","time":"2022-10-30T00:50:02.490+0800","caller":"C:/Users/郝锦杰/SMZT-backend/log/log.go:86","msg":"Request error","X-Request-Id":"03028c0e-6005-49ec-b47a-322459b690c7","cause":"The password was incorrect.","source":"C:/Users/郝锦杰/SMZT-backend/handler/user/login.go:35"}
{"level":"info","time":"2022-10-30T00:50:02.490+0800","caller":"C:/Users/郝锦杰/SMZT-backend/log/log.go:71","msg":"134.0796ms    | ::1          | POST /api/v1/user/login | {code: 20001, message: Request error: The password was incorrect.}"}
{"level":"info","time":"2022-10-30T00:50:24.931+0800","caller":"C:/Users/郝锦杰/SMZT-backend/log/log.go:71","msg":"student login function called.","X-Request-Id":"7512f59d-5b33-4102-89e8-782701231dd9"}
{"level":"error","time":"2022-10-30T00:50:25.068+0800","caller":"C:/Users/郝锦杰/SMZT-backend/log/log.go:86","msg":"Request error","X-Request-Id":"7512f59d-5b33-4102-89e8-782701231dd9","cause":"The password was incorrect.","source":"C:/Users/郝锦杰/SMZT-backend/handler/user/login.go:35"}
{"level":"info","time":"2022-10-30T00:50:25.068+0800","caller":"C:/Users/郝锦杰/SMZT-backend/log/log.go:71","msg":"137.2916ms    | ::1          | POST /api/v1/user/login | {code: 20001, message: Request error: The password was incorrect.}"}
{"level":"info","time":"2022-10-30T00:51:48.243+0800","caller":"C:/Users/郝锦杰/SMZT-backend/log/log.go:71","msg":"student login function called.","X-Request-Id":"767cf26f-3723-45af-abd0-364c4ded34db"}
{"level":"error","time":"2022-10-30T00:51:48.389+0800","caller":"C:/Users/郝锦杰/SMZT-backend/log/log.go:86","msg":"Request error","X-Request-Id":"767cf26f-3723-45af-abd0-364c4ded34db","cause":"The password was incorrect.","source":"C:/Users/郝锦杰/SMZT-backend/handler/user/login.go:35"}
{"level":"info","time":"2022-10-30T00:51:48.389+0800","caller":"C:/Users/郝锦杰/SMZT-backend/log/log.go:71","msg":"146.822ms     | ::1          | POST /api/v1/user/login | {code: 20001, message: Request error: The password was incorrect.}"}
{"level":"info","time":"2022-10-30T00:56:48.563+0800","caller":"C:/Users/郝锦杰/SMZT-backend/log/log.go:71","msg":"student login function called.","X-Request-Id":"5b6c9f4e-c5fd-44c5-8d27-da8a348da255"}
{"level":"error","time":"2022-10-30T00:56:48.734+0800","caller":"C:/Users/郝锦杰/SMZT-backend/log/log.go:86","msg":"Request error","X-Request-Id":"5b6c9f4e-c5fd-44c5-8d27-da8a348da255","cause":"The password was incorrect.","source":"C:/Users/郝锦杰/SMZT-backend/handler/user/login.go:35"}
{"level":"info","time":"2022-10-30T00:56:48.734+0800","caller":"C:/Users/郝锦杰/SMZT-backend/log/log.go:71","msg":"171.6175ms    | ::1          | POST /api/v1/user/login | {code: 20001, message: Request error: The password was incorrect.}"}
{"level":"info","time":"2022-10-30T00:59:40.150+0800","caller":"C:/Users/郝锦杰/SMZT-backend/log/log.go:71","msg":"The router has been deployed on :8080 successfully."}
{"level":"info","time":"2022-10-30T00:59:46.481+0800","caller":"C:/Users/郝锦杰/SMZT-backend/log/log.go:71","msg":"student login function called.","X-Request-Id":"55d8598a-3383-4815-b371-3fe47c672a1a"}
{"level":"error","time":"2022-10-30T00:59:46.963+0800","caller":"C:/Users/郝锦杰/SMZT-backend/log/log.go:86","msg":"Request error","X-Request-Id":"55d8598a-3383-4815-b371-3fe47c672a1a","cause":"The password was incorrect.","source":"C:/Users/郝锦杰/SMZT-backend/handler/user/login.go:35"}
{"level":"info","time":"2022-10-30T00:59:46.964+0800","caller":"C:/Users/郝锦杰/SMZT-backend/log/log.go:71","msg":"483.2999ms    | ::1          | POST /api/v1/user/login | {code: 20001, message: Request error: The password was incorrect.}"}
{"level":"info","time":"2022-10-30T01:00:51.343+0800","caller":"C:/Users/郝锦杰/SMZT-backend/log/log.go:71","msg":"The router has been deployed on :8080 successfully."}
{"level":"info","time":"2022-10-30T01:03:52.575+0800","caller":"C:/Users/郝锦杰/SMZT-backend/log/log.go:71","msg":"student login function called.","X-Request-Id":"053aae58-4dab-445b-bf6b-99c3f362449b"}
{"level":"error","time":"2022-10-30T01:03:53.046+0800","caller":"C:/Users/郝锦杰/SMZT-backend/log/log.go:86","msg":"Request error","X-Request-Id":"053aae58-4dab-445b-bf6b-99c3f362449b","cause":"The password was incorrect.","source":"C:/Users/郝锦杰/SMZT-backend/handler/user/login.go:35"}
{"level":"info","time":"2022-10-30T01:03:53.046+0800","caller":"C:/Users/郝锦杰/SMZT-backend/log/log.go:71","msg":"471.0862ms    | ::1          | POST /api/v1/user/login | {code: 20001, message: Request error: The password was incorrect.}"}
{"level":"info","time":"2022-10-30T01:04:52.490+0800","caller":"C:/Users/郝锦杰/SMZT-backend/log/log.go:71","msg":"The router has been deployed on :8080 successfully."}
{"level":"info","time":"2022-10-30T01:04:57.927+0800","caller":"C:/Users/郝锦杰/SMZT-backend/log/log.go:71","msg":"student login function called.","X-Request-Id":"ba18c4fa-1b4d-44c8-b76e-9b7df2f22ab4"}
{"level":"error","time":"2022-10-30T01:04:58.364+0800","caller":"C:/Users/郝锦杰/SMZT-backend/log/log.go:86","msg":"Request error","X-Request-Id":"ba18c4fa-1b4d-44c8-b76e-9b7df2f22ab4","cause":"The password was incorrect.","source":"C:/Users/郝锦杰/SMZT-backend/handler/user/login.go:35"}
{"level":"info","time":"2022-10-30T01:04:58.364+0800","caller":"C:/Users/郝锦杰/SMZT-backend/log/log.go:71","msg":"437.3156ms    | ::1          | POST /api/v1/user/login | {code: 20001, message: Request error: The password was incorrect.}"}
{"level":"info","time":"2022-10-30T01:07:58.144+0800","caller":"C:/Users/郝锦杰/SMZT-backend/log/log.go:71","msg":"The router has been deployed on :8080 successfully."}
{"level":"info","time":"2022-10-30T01:08:03.596+0800","caller":"C:/Users/郝锦杰/SMZT-backend/log/log.go:71","msg":"student login function called.","X-Request-Id":"a4e51681-f10d-48d9-96ee-e512a584ee9d"}
{"level":"info","time":"2022-10-30T01:08:04.061+0800","caller":"C:/Users/郝锦杰/SMZT-backend/log/log.go:71","msg":"OK","X-Request-Id":"a4e51681-f10d-48d9-96ee-e512a584ee9d"}
{"level":"info","time":"2022-10-30T01:08:04.061+0800","caller":"C:/Users/郝锦杰/SMZT-backend/log/log.go:71","msg":"465.2432ms    | ::1          | POST /api/v1/user/login | {code: 0, message: OK}"}
{"level":"info","time":"2022-10-30T01:08:28.006+0800","caller":"C:/Users/郝锦杰/SMZT-backend/log/log.go:71","msg":"The router has been deployed on :8080 successfully."}
{"level":"info","time":"2022-10-30T01:08:34.963+0800","caller":"C:/Users/郝锦杰/SMZT-backend/log/log.go:71","msg":"student login function called.","X-Request-Id":"cc02565d-a2f7-44f3-b589-013b2bcc0147"}
{"level":"error","time":"2022-10-30T01:08:40.424+0800","caller":"C:/Users/郝锦杰/SMZT-backend/log/log.go:86","msg":"Request error","X-Request-Id":"cc02565d-a2f7-44f3-b589-013b2bcc0147","cause":"The password was incorrect.","source":"C:/Users/郝锦杰/SMZT-backend/handler/user/login.go:35"}
{"level":"info","time":"2022-10-30T01:08:40.424+0800","caller":"C:/Users/郝锦杰/SMZT-backend/log/log.go:71","msg":"5.4614054s    | ::1          | POST /api/v1/user/login | {code: 20001, message: Request error: The password was incorrect.}"}
{"level":"info","time":"2022-10-30T01:09:48.366+0800","caller":"C:/Users/郝锦杰/SMZT-backend/log/log.go:71","msg":"The router has been deployed on :8080 successfully."}
{"level":"info","time":"2022-10-30T01:09:54.726+0800","caller":"C:/Users/郝锦杰/SMZT-backend/log/log.go:71","msg":"student login function called.","X-Request-Id":"31f6670d-0b61-43ef-b68a-560add966aae"}
{"level":"error","time":"2022-10-30T01:09:55.173+0800","caller":"C:/Users/郝锦杰/SMZT-backend/log/log.go:86","msg":"Request error","X-Request-Id":"31f6670d-0b61-43ef-b68a-560add966aae","cause":"The password was incorrect.","source":"C:/Users/郝锦杰/SMZT-backend/handler/user/login.go:35"}
{"level":"info","time":"2022-10-30T01:09:55.173+0800","caller":"C:/Users/郝锦杰/SMZT-backend/log/log.go:71","msg":"447.2122ms    | ::1          | POST /api/v1/user/login | {code: 20001, message: Request error: The password was incorrect.}"}
{"level":"info","time":"2022-10-30T01:11:17.989+0800","caller":"C:/Users/郝锦杰/SMZT-backend/log/log.go:71","msg":"The router has been deployed on :8080 successfully."}
{"level":"info","time":"2022-10-30T01:11:24.152+0800","caller":"C:/Users/郝锦杰/SMZT-backend/log/log.go:71","msg":"student login function called.","X-Request-Id":"854049f6-6f5a-4ae0-bf29-6a46f1f405d4"}
{"level":"error","time":"2022-10-30T01:11:29.588+0800","caller":"C:/Users/郝锦杰/SMZT-backend/log/log.go:86","msg":"Request error","X-Request-Id":"854049f6-6f5a-4ae0-bf29-6a46f1f405d4","cause":"The password was incorrect.","source":"C:/Users/郝锦杰/SMZT-backend/handler/user/login.go:35"}
{"level":"info","time":"2022-10-30T01:11:29.588+0800","caller":"C:/Users/郝锦杰/SMZT-backend/log/log.go:71","msg":"5.4354918s    | ::1          | POST /api/v1/user/login | {code: 20001, message: Request error: The password was incorrect.}"}
{"level":"info","time":"2022-10-30T01:12:26.810+0800","caller":"C:/Users/郝锦杰/SMZT-backend/log/log.go:71","msg":"The router has been deployed on :8080 successfully."}
{"level":"info","time":"2022-10-30T01:12:32.425+0800","caller":"C:/Users/郝锦杰/SMZT-backend/log/log.go:71","msg":"student login function called.","X-Request-Id":"5c0ad422-b973-4fdd-978c-c72966bca57a"}
{"level":"error","time":"2022-10-30T01:12:32.867+0800","caller":"C:/Users/郝锦杰/SMZT-backend/log/log.go:86","msg":"Request error","X-Request-Id":"5c0ad422-b973-4fdd-978c-c72966bca57a","cause":"The password was incorrect.","source":"C:/Users/郝锦杰/SMZT-backend/handler/user/login.go:35"}
{"level":"info","time":"2022-10-30T01:12:32.869+0800","caller":"C:/Users/郝锦杰/SMZT-backend/log/log.go:71","msg":"443.3714ms    | ::1          | POST /api/v1/user/login | {code: 20001, message: Request error: The password was incorrect.}"}
{"level":"info","time":"2022-10-30T01:14:15.319+0800","caller":"C:/Users/郝锦杰/SMZT-backend/log/log.go:71","msg":"The router has been deployed on :8080 successfully."}
{"level":"info","time":"2022-10-30T01:14:21.523+0800","caller":"C:/Users/郝锦杰/SMZT-backend/log/log.go:71","msg":"student login function called.","X-Request-Id":"14eef3a3-883c-42d9-8ee3-61e02b950ba6"}
{"level":"info","time":"2022-10-30T01:14:21.969+0800","caller":"C:/Users/郝锦杰/SMZT-backend/log/log.go:71","msg":"OK","X-Request-Id":"14eef3a3-883c-42d9-8ee3-61e02b950ba6"}
{"level":"info","time":"2022-10-30T01:14:21.969+0800","caller":"C:/Users/郝锦杰/SMZT-backend/log/log.go:71","msg":"446.508ms     | ::1          | POST /api/v1/user/login | {code: 0, message: OK}"}
